<?xml version="1.0" encoding="UTF-8"?>
<testng-results ignored="0" total="1" passed="1" failed="0" skipped="0">
  <reporter-output>
    <line>
      <![CDATA[Failed Test case]]>
    </line>
  </reporter-output>
  <suite started-at="2024-03-24T00:02:26 GST" name="All Test Suite" finished-at="2024-03-24T00:02:41 GST" duration-ms="15149">
    <groups>
    </groups>
    <test started-at="2024-03-24T00:02:26 GST" name="../src/test/java/com/automation/tests" finished-at="2024-03-24T00:02:41 GST" duration-ms="15149">
      <class name="com.automation.tests.CheckoutTest">
        <test-method is-config="true" signature="setEnvironment()[pri:0, instance:com.automation.tests.CheckoutTest@553f3b6e]" started-at="2024-03-24T00:02:26 GST" name="setEnvironment" finished-at="2024-03-24T00:02:26 GST" duration-ms="277" status="PASS">
          <reporter-output>
          </reporter-output>
        </test-method> <!-- setEnvironment -->
        <test-method is-config="true" signature="setUp()[pri:0, instance:com.automation.tests.CheckoutTest@553f3b6e]" started-at="2024-03-24T00:02:26 GST" name="setUp" finished-at="2024-03-24T00:02:34 GST" duration-ms="8147" status="PASS">
          <reporter-output>
          </reporter-output>
        </test-method> <!-- setUp -->
        <test-method signature="checkout()[pri:0, instance:com.automation.tests.CheckoutTest@553f3b6e]" started-at="2024-03-24T00:02:34 GST" name="checkout" finished-at="2024-03-24T00:02:40 GST" duration-ms="5956" status="PASS">
          <reporter-output>
            <line>
              <![CDATA[Failed Test case]]>
            </line>
          </reporter-output>
        </test-method> <!-- checkout -->
        <test-method is-config="true" signature="tearDown()[pri:0, instance:com.automation.tests.CheckoutTest@553f3b6e]" started-at="2024-03-24T00:02:40 GST" name="tearDown" finished-at="2024-03-24T00:02:41 GST" duration-ms="711" status="PASS">
          <reporter-output>
          </reporter-output>
        </test-method> <!-- tearDown -->
      </class> <!-- com.automation.tests.CheckoutTest -->
    </test> <!-- ../src/test/java/com/automation/tests -->
  </suite> <!-- All Test Suite -->
</testng-results>
